c:\users\elyes\desktop\seb\windows\indie_studio\release\vc141.pdb
c:\users\elyes\desktop\seb\windows\indie_studio\release\ptrmap.obj
c:\users\elyes\desktop\seb\windows\indie_studio\release\projectile.obj
c:\users\elyes\desktop\seb\windows\indie_studio\release\player.obj
c:\users\elyes\desktop\seb\windows\indie_studio\release\menu.obj
c:\users\elyes\desktop\seb\windows\indie_studio\release\main.obj
c:\users\elyes\desktop\seb\windows\indie_studio\release\dante_gen.obj
c:\users\elyes\desktop\seb\windows\indie_studio\release\collisionatq.obj
c:\users\elyes\desktop\seb\windows\indie_studio\release\collision.obj
c:\users\elyes\desktop\seb\windows\indie_studio\release\begin_dante.obj
c:\users\elyes\desktop\seb\windows\release\indie_studio.ipdb
c:\users\elyes\desktop\seb\windows\release\indie_studio.iobj
c:\users\elyes\desktop\seb\windows\release\indie_studio.exe
c:\users\elyes\desktop\seb\windows\release\indie_studio.pdb
c:\users\seb\desktop\cpp_indie_studio\windows\indie_studio\release\begin_dante.obj
c:\users\seb\desktop\cpp_indie_studio\windows\indie_studio\release\collision.obj
c:\users\seb\desktop\cpp_indie_studio\windows\indie_studio\release\collisionatq.obj
c:\users\seb\desktop\cpp_indie_studio\windows\indie_studio\release\dante_gen.obj
c:\users\seb\desktop\cpp_indie_studio\windows\indie_studio\release\main.obj
c:\users\seb\desktop\cpp_indie_studio\windows\indie_studio\release\menu.obj
c:\users\seb\desktop\cpp_indie_studio\windows\indie_studio\release\player.obj
c:\users\seb\desktop\cpp_indie_studio\windows\indie_studio\release\projectile.obj
c:\users\seb\desktop\cpp_indie_studio\windows\indie_studio\release\ptrmap.obj
c:\users\seb\desktop\cpp_indie_studio\windows\indie_studio\release\vc141.pdb
c:\users\seb\desktop\cpp_indie_studio\windows\release\indie_studio.pdb
c:\users\seb\desktop\cpp_indie_studio\windows\release\indie_studio.exe
c:\users\seb\desktop\cpp_indie_studio\windows\indie_studio\release\indie_studio.tlog\cl.command.1.tlog
c:\users\seb\desktop\cpp_indie_studio\windows\indie_studio\release\indie_studio.tlog\cl.read.1.tlog
c:\users\seb\desktop\cpp_indie_studio\windows\indie_studio\release\indie_studio.tlog\cl.write.1.tlog
c:\users\seb\desktop\cpp_indie_studio\windows\indie_studio\release\indie_studio.tlog\indie_studio.write.1u.tlog
c:\users\seb\desktop\cpp_indie_studio\windows\indie_studio\release\indie_studio.tlog\link.command.1.tlog
c:\users\seb\desktop\cpp_indie_studio\windows\indie_studio\release\indie_studio.tlog\link.read.1.tlog
c:\users\seb\desktop\cpp_indie_studio\windows\indie_studio\release\indie_studio.tlog\link.write.1.tlog
