  begin_dante.cpp
  collision.cpp
  collisionAtq.cpp
  dante_gen.cpp
  direction.cpp
  hud.cpp
  main.cpp
..\..\Linux\src\main.cpp(101): warning C4244: 'initialisation' : conversion de 'std::streamoff' en 'unsigned int', perte possible de données
..\..\Linux\src\main.cpp(137): warning C4305: 'argument' : troncation de 'double' à 'irrklang::ik_f32'
..\..\Linux\src\main.cpp(143): warning C4305: 'argument' : troncation de 'int' à 'bool'
  menu.cpp
  player.cpp
  projectile.cpp
  ptrmap.cpp
..\..\Linux\src\ptrmap.cpp(10): warning C4244: 'argument' : conversion de 'irr::f64' en 'irr::f32', perte possible de données
..\..\Linux\src\ptrmap.cpp(27): warning C4244: 'argument' : conversion de 'irr::f64' en 'irr::f32', perte possible de données
..\..\Linux\src\ptrmap.cpp(60): warning C4244: 'argument' : conversion de 'irr::f64' en 'irr::f32', perte possible de données
..\..\Linux\src\ptrmap.cpp(61): warning C4305: 'argument' : troncation de 'double' à 'irr::f32'
..\..\Linux\src\ptrmap.cpp(78): warning C4244: 'argument' : conversion de 'irr::f64' en 'irr::f32', perte possible de données
..\..\Linux\src\ptrmap.cpp(95): warning C4244: 'argument' : conversion de 'irr::f64' en 'irr::f32', perte possible de données
..\..\Linux\src\ptrmap.cpp(112): warning C4244: 'argument' : conversion de 'irr::f64' en 'irr::f32', perte possible de données
  Génération de code en cours
  3238 of 3245 functions (99.8%) were compiled, the rest were copied from previous compilation.
    891 functions were new in current compilation
    0 functions had inline decision re-evaluated but remain unchanged
  Fin de la génération du code
  indie_studio.vcxproj -> C:\Users\SEB\Desktop\cpp_indie_studio\Windows\Release\indie_studio.exe
